<?xml version="1.0" encoding="UTF-8"?>
<testsuite xmlns:xsi="http://www.w3.org/2001/XMLSchema-instance" xsi:noNamespaceSchemaLocation="https://maven.apache.org/surefire/maven-surefire-plugin/xsd/surefire-test-report-3.0.xsd" version="3.0" name="TestSuite" time="89.244" tests="22" errors="0" skipped="0" failures="8">
  <properties>
[...]
</properties>
  <testcase name="runScenario[&quot;Valid Search for July-JulyNextYear&quot;, &quot;Optional[MarsAir: Search Validation]&quot;](1)" classname="runner.TestRunner" time="4.152">
    <system-out><![CDATA[[TestNGContentHandler] [WARN] It is strongly recommended to add "<!DOCTYPE suite SYSTEM "http://testng.org/testng-1.0.dtd" >" at the top of your file, otherwise TestNG may fail or not work as expected.
Sorry, there are no more seats available.
]]></system-out>
    <system-err><![CDATA[[main] INFO io.github.bonigarcia.wdm.WebDriverManager - Using chromedriver 131.0.6778.85 (resolved driver for Chrome 131)
[main] INFO io.github.bonigarcia.wdm.WebDriverManager - Exporting webdriver.chrome.driver as /Users/animeshsen/.cache/selenium/chromedriver/mac64/131.0.6778.85/chromedriver
Starting ChromeDriver 131.0.6778.85 (3d81e41b6f3ac8bcae63b32e8145c9eb0cd60a2d-refs/branch-heads/6778@{#2285}) on port 14936
Only local connections are allowed.
Please see https://chromedriver.chromium.org/security-considerations for suggestions on keeping ChromeDriver safe.
ChromeDriver was started successfully on port 14936.
Dec 01, 2024 8:45:54 PM org.openqa.selenium.remote.ProtocolHandshake createSession
INFO: Detected dialect: W3C
]]></system-err>
  </testcase>
  <testcase name="runScenario[&quot;Valid Search for July-DecemberNextYear&quot;, &quot;Optional[MarsAir: Search Validation]&quot;](2)" classname="runner.TestRunner" time="3.273">
    <system-out><![CDATA[Sorry, there are no more seats available.
]]></system-out>
  </testcase>
  <testcase name="runScenario[&quot;Valid Search for July-July2Years&quot;, &quot;Optional[MarsAir: Search Validation]&quot;](3)" classname="runner.TestRunner" time="2.385">
    <system-out><![CDATA[Sorry, there are no more seats available.
]]></system-out>
  </testcase>
  <testcase name="runScenario[&quot;Valid Search for December-DecemberNextYear&quot;, &quot;Optional[MarsAir: Search Validation]&quot;](4)" classname="runner.TestRunner" time="4.252">
    <system-out><![CDATA[Sorry, there are no more seats available.
]]></system-out>
  </testcase>
  <testcase name="runScenario[&quot;Valid Search for December-July2Years&quot;, &quot;Optional[MarsAir: Search Validation]&quot;](5)" classname="runner.TestRunner" time="3.082">
    <system-out><![CDATA[Sorry, there are no more seats available.
]]></system-out>
  </testcase>
  <testcase name="runScenario[&quot;Valid Search for December-December2Years&quot;, &quot;Optional[MarsAir: Search Validation]&quot;](6)" classname="runner.TestRunner" time="2.971">
    <system-out><![CDATA[Sorry, there are no more seats available.
]]></system-out>
  </testcase>
  <testcase name="runScenario[&quot;Valid Search for JulyNextYear-July2Years&quot;, &quot;Optional[MarsAir: Search Validation]&quot;](7)" classname="runner.TestRunner" time="3.794">
    <system-out><![CDATA[Sorry, there are no more seats available.
]]></system-out>
  </testcase>
  <testcase name="runScenario[&quot;Valid Search for JulyNextYear-December2Years&quot;, &quot;Optional[MarsAir: Search Validation]&quot;](8)" classname="runner.TestRunner" time="2.26">
    <system-out><![CDATA[Sorry, there are no more seats available.
]]></system-out>
  </testcase>
  <testcase name="runScenario[&quot;Valid Search for DecemberNextYear-December2Years&quot;, &quot;Optional[MarsAir: Search Validation]&quot;](9)" classname="runner.TestRunner" time="3.976">
    <system-out><![CDATA[Sorry, there are no more seats available.
]]></system-out>
  </testcase>
  <testcase name="runScenario[&quot;Invalid Search for July-July&quot;, &quot;Optional[MarsAir: Search Validation]&quot;](10)" classname="runner.TestRunner" time="4.149">
    <failure message="expected [Unfortunately, this schedule is not possible. Please try again.] but found [Sorry, there are no more seats available.]" type="java.lang.AssertionError"><![CDATA[java.lang.AssertionError: expected [Unfortunately, this schedule is not possible. Please try again.] but found [Sorry, there are no more seats available.]
	at org.testng.Assert.fail(Assert.java:96)
	at org.testng.Assert.failNotEquals(Assert.java:776)
	at org.testng.Assert.assertEqualsImpl(Assert.java:137)
	at org.testng.Assert.assertEquals(Assert.java:118)
	at org.testng.Assert.assertEquals(Assert.java:453)
	at org.testng.Assert.assertEquals(Assert.java:463)
	at steps.SearchTestSteps.i_see(SearchTestSteps.java:77)
	at ✽.I see "schedule not possible"(file:///Users/animeshsen/eclipse-workspace/MarsAir/src/test/java/features/SearchTest.feature:30)
]]></failure>
    <system-out><![CDATA[Sorry, there are no more seats available.
]]></system-out>
    <system-err><![CDATA[java.io.IOException: Cannot create directory '/Users/animesh.sen/eclipse-workspace/Appium_IOS+Android/Screenshot'.
	at org.apache.commons.io.FileUtils.mkdirs(FileUtils.java:2200)
	at org.apache.commons.io.FileUtils.createParentDirectories(FileUtils.java:1113)
	at org.apache.commons.io.FileUtils.copyFile(FileUtils.java:843)
	at org.apache.commons.io.FileUtils.copyFile(FileUtils.java:756)
	at practice.Test_Automation.Base.getScreenshot(Base.java:23)
	at practice.Test_Automation.Listeners.onTestFailure(Listeners.java:24)
	at org.testng.internal.TestListenerHelper.runTestListeners(TestListenerHelper.java:67)
	at org.testng.internal.Invoker.runTestListeners(Invoker.java:1389)
	at org.testng.internal.Invoker.invokeMethod(Invoker.java:636)
	at org.testng.internal.Invoker.invokeTestMethod(Invoker.java:719)
	at org.testng.internal.Invoker.invokeTestMethods(Invoker.java:989)
	at org.testng.internal.TestMethodWorker.invokeTestMethods(TestMethodWorker.java:125)
	at org.testng.internal.TestMethodWorker.run(TestMethodWorker.java:109)
	at org.testng.TestRunner.privateRun(TestRunner.java:648)
	at org.testng.TestRunner.run(TestRunner.java:505)
	at org.testng.SuiteRunner.runTest(SuiteRunner.java:455)
	at org.testng.SuiteRunner.runSequentially(SuiteRunner.java:450)
	at org.testng.SuiteRunner.privateRun(SuiteRunner.java:415)
	at org.testng.SuiteRunner.run(SuiteRunner.java:364)
	at org.testng.SuiteRunnerWorker.runSuite(SuiteRunnerWorker.java:52)
	at org.testng.SuiteRunnerWorker.run(SuiteRunnerWorker.java:84)
	at org.testng.TestNG.runSuitesSequentially(TestNG.java:1208)
	at org.testng.TestNG.runSuitesLocally(TestNG.java:1137)
	at org.testng.TestNG.runSuites(TestNG.java:1049)
	at org.testng.TestNG.run(TestNG.java:1017)
	at org.apache.maven.surefire.testng.TestNGExecutor.run(TestNGExecutor.java:324)
	at org.apache.maven.surefire.testng.TestNGXmlTestSuite.execute(TestNGXmlTestSuite.java:74)
	at org.apache.maven.surefire.testng.TestNGProvider.invoke(TestNGProvider.java:123)
	at org.apache.maven.surefire.booter.ForkedBooter.runSuitesInProcess(ForkedBooter.java:456)
	at org.apache.maven.surefire.booter.ForkedBooter.execute(ForkedBooter.java:169)
	at org.apache.maven.surefire.booter.ForkedBooter.run(ForkedBooter.java:595)
	at org.apache.maven.surefire.booter.ForkedBooter.main(ForkedBooter.java:581)
]]></system-err>
  </testcase>
  <testcase name="runScenario[&quot;Invalid Search for July-December&quot;, &quot;Optional[MarsAir: Search Validation]&quot;](11)" classname="runner.TestRunner" time="3.791">
    <system-out><![CDATA[Unfortunately, this schedule is not possible. Please try again.
]]></system-out>
  </testcase>
  <testcase name="runScenario[&quot;Invalid Search for December-December&quot;, &quot;Optional[MarsAir: Search Validation]&quot;](12)" classname="runner.TestRunner" time="5.627">
    <failure message="expected [Unfortunately, this schedule is not possible. Please try again.] but found [Sorry, there are no more seats available.]" type="java.lang.AssertionError"><![CDATA[java.lang.AssertionError: expected [Unfortunately, this schedule is not possible. Please try again.] but found [Sorry, there are no more seats available.]
	at org.testng.Assert.fail(Assert.java:96)
	at org.testng.Assert.failNotEquals(Assert.java:776)
	at org.testng.Assert.assertEqualsImpl(Assert.java:137)
	at org.testng.Assert.assertEquals(Assert.java:118)
	at org.testng.Assert.assertEquals(Assert.java:453)
	at org.testng.Assert.assertEquals(Assert.java:463)
	at steps.SearchTestSteps.i_see(SearchTestSteps.java:77)
	at ✽.I see "schedule not possible"(file:///Users/animeshsen/eclipse-workspace/MarsAir/src/test/java/features/SearchTest.feature:30)
]]></failure>
    <system-out><![CDATA[Sorry, there are no more seats available.
]]></system-out>
    <system-err><![CDATA[java.io.IOException: Cannot create directory '/Users/animesh.sen/eclipse-workspace/Appium_IOS+Android/Screenshot'.
	at org.apache.commons.io.FileUtils.mkdirs(FileUtils.java:2200)
	at org.apache.commons.io.FileUtils.createParentDirectories(FileUtils.java:1113)
	at org.apache.commons.io.FileUtils.copyFile(FileUtils.java:843)
	at org.apache.commons.io.FileUtils.copyFile(FileUtils.java:756)
	at practice.Test_Automation.Base.getScreenshot(Base.java:23)
	at practice.Test_Automation.Listeners.onTestFailure(Listeners.java:24)
	at org.testng.internal.TestListenerHelper.runTestListeners(TestListenerHelper.java:67)
	at org.testng.internal.Invoker.runTestListeners(Invoker.java:1389)
	at org.testng.internal.Invoker.invokeMethod(Invoker.java:636)
	at org.testng.internal.Invoker.invokeTestMethod(Invoker.java:719)
	at org.testng.internal.Invoker.invokeTestMethods(Invoker.java:989)
	at org.testng.internal.TestMethodWorker.invokeTestMethods(TestMethodWorker.java:125)
	at org.testng.internal.TestMethodWorker.run(TestMethodWorker.java:109)
	at org.testng.TestRunner.privateRun(TestRunner.java:648)
	at org.testng.TestRunner.run(TestRunner.java:505)
	at org.testng.SuiteRunner.runTest(SuiteRunner.java:455)
	at org.testng.SuiteRunner.runSequentially(SuiteRunner.java:450)
	at org.testng.SuiteRunner.privateRun(SuiteRunner.java:415)
	at org.testng.SuiteRunner.run(SuiteRunner.java:364)
	at org.testng.SuiteRunnerWorker.runSuite(SuiteRunnerWorker.java:52)
	at org.testng.SuiteRunnerWorker.run(SuiteRunnerWorker.java:84)
	at org.testng.TestNG.runSuitesSequentially(TestNG.java:1208)
	at org.testng.TestNG.runSuitesLocally(TestNG.java:1137)
	at org.testng.TestNG.runSuites(TestNG.java:1049)
	at org.testng.TestNG.run(TestNG.java:1017)
	at org.apache.maven.surefire.testng.TestNGExecutor.run(TestNGExecutor.java:324)
	at org.apache.maven.surefire.testng.TestNGXmlTestSuite.execute(TestNGXmlTestSuite.java:74)
	at org.apache.maven.surefire.testng.TestNGProvider.invoke(TestNGProvider.java:123)
	at org.apache.maven.surefire.booter.ForkedBooter.runSuitesInProcess(ForkedBooter.java:456)
	at org.apache.maven.surefire.booter.ForkedBooter.execute(ForkedBooter.java:169)
	at org.apache.maven.surefire.booter.ForkedBooter.run(ForkedBooter.java:595)
	at org.apache.maven.surefire.booter.ForkedBooter.main(ForkedBooter.java:581)
]]></system-err>
  </testcase>
  <testcase name="runScenario[&quot;Invalid Search for December-JulyNextYear&quot;, &quot;Optional[MarsAir: Search Validation]&quot;](13)" classname="runner.TestRunner" time="2.3">
    <system-out><![CDATA[Unfortunately, this schedule is not possible. Please try again.
]]></system-out>
  </testcase>
  <testcase name="runScenario[&quot;Invalid Search for JulyNextYear-JulyNextYear&quot;, &quot;Optional[MarsAir: Search Validation]&quot;](14)" classname="runner.TestRunner" time="4.835">
    <failure message="expected [Unfortunately, this schedule is not possible. Please try again.] but found [Sorry, there are no more seats available.]" type="java.lang.AssertionError"><![CDATA[java.lang.AssertionError: expected [Unfortunately, this schedule is not possible. Please try again.] but found [Sorry, there are no more seats available.]
	at org.testng.Assert.fail(Assert.java:96)
	at org.testng.Assert.failNotEquals(Assert.java:776)
	at org.testng.Assert.assertEqualsImpl(Assert.java:137)
	at org.testng.Assert.assertEquals(Assert.java:118)
	at org.testng.Assert.assertEquals(Assert.java:453)
	at org.testng.Assert.assertEquals(Assert.java:463)
	at steps.SearchTestSteps.i_see(SearchTestSteps.java:77)
	at ✽.I see "schedule not possible"(file:///Users/animeshsen/eclipse-workspace/MarsAir/src/test/java/features/SearchTest.feature:30)
]]></failure>
    <system-out><![CDATA[Sorry, there are no more seats available.
]]></system-out>
    <system-err><![CDATA[java.io.IOException: Cannot create directory '/Users/animesh.sen/eclipse-workspace/Appium_IOS+Android/Screenshot'.
	at org.apache.commons.io.FileUtils.mkdirs(FileUtils.java:2200)
	at org.apache.commons.io.FileUtils.createParentDirectories(FileUtils.java:1113)
	at org.apache.commons.io.FileUtils.copyFile(FileUtils.java:843)
	at org.apache.commons.io.FileUtils.copyFile(FileUtils.java:756)
	at practice.Test_Automation.Base.getScreenshot(Base.java:23)
	at practice.Test_Automation.Listeners.onTestFailure(Listeners.java:24)
	at org.testng.internal.TestListenerHelper.runTestListeners(TestListenerHelper.java:67)
	at org.testng.internal.Invoker.runTestListeners(Invoker.java:1389)
	at org.testng.internal.Invoker.invokeMethod(Invoker.java:636)
	at org.testng.internal.Invoker.invokeTestMethod(Invoker.java:719)
	at org.testng.internal.Invoker.invokeTestMethods(Invoker.java:989)
	at org.testng.internal.TestMethodWorker.invokeTestMethods(TestMethodWorker.java:125)
	at org.testng.internal.TestMethodWorker.run(TestMethodWorker.java:109)
	at org.testng.TestRunner.privateRun(TestRunner.java:648)
	at org.testng.TestRunner.run(TestRunner.java:505)
	at org.testng.SuiteRunner.runTest(SuiteRunner.java:455)
	at org.testng.SuiteRunner.runSequentially(SuiteRunner.java:450)
	at org.testng.SuiteRunner.privateRun(SuiteRunner.java:415)
	at org.testng.SuiteRunner.run(SuiteRunner.java:364)
	at org.testng.SuiteRunnerWorker.runSuite(SuiteRunnerWorker.java:52)
	at org.testng.SuiteRunnerWorker.run(SuiteRunnerWorker.java:84)
	at org.testng.TestNG.runSuitesSequentially(TestNG.java:1208)
	at org.testng.TestNG.runSuitesLocally(TestNG.java:1137)
	at org.testng.TestNG.runSuites(TestNG.java:1049)
	at org.testng.TestNG.run(TestNG.java:1017)
	at org.apache.maven.surefire.testng.TestNGExecutor.run(TestNGExecutor.java:324)
	at org.apache.maven.surefire.testng.TestNGXmlTestSuite.execute(TestNGXmlTestSuite.java:74)
	at org.apache.maven.surefire.testng.TestNGProvider.invoke(TestNGProvider.java:123)
	at org.apache.maven.surefire.booter.ForkedBooter.runSuitesInProcess(ForkedBooter.java:456)
	at org.apache.maven.surefire.booter.ForkedBooter.execute(ForkedBooter.java:169)
	at org.apache.maven.surefire.booter.ForkedBooter.run(ForkedBooter.java:595)
	at org.apache.maven.surefire.booter.ForkedBooter.main(ForkedBooter.java:581)
]]></system-err>
  </testcase>
  <testcase name="runScenario[&quot;Invalid Search for JulyNextYear-DecemberNextYear&quot;, &quot;Optional[MarsAir: Search Validation]&quot;](15)" classname="runner.TestRunner" time="3.251">
    <system-out><![CDATA[Unfortunately, this schedule is not possible. Please try again.
]]></system-out>
  </testcase>
  <testcase name="runScenario[&quot;Invalid Search for DecemberNextYear-DecemberNextYear&quot;, &quot;Optional[MarsAir: Search Validation]&quot;](16)" classname="runner.TestRunner" time="5.569">
    <failure message="expected [Unfortunately, this schedule is not possible. Please try again.] but found [Sorry, there are no more seats available.]" type="java.lang.AssertionError"><![CDATA[java.lang.AssertionError: expected [Unfortunately, this schedule is not possible. Please try again.] but found [Sorry, there are no more seats available.]
	at org.testng.Assert.fail(Assert.java:96)
	at org.testng.Assert.failNotEquals(Assert.java:776)
	at org.testng.Assert.assertEqualsImpl(Assert.java:137)
	at org.testng.Assert.assertEquals(Assert.java:118)
	at org.testng.Assert.assertEquals(Assert.java:453)
	at org.testng.Assert.assertEquals(Assert.java:463)
	at steps.SearchTestSteps.i_see(SearchTestSteps.java:77)
	at ✽.I see "schedule not possible"(file:///Users/animeshsen/eclipse-workspace/MarsAir/src/test/java/features/SearchTest.feature:30)
]]></failure>
    <system-out><![CDATA[Sorry, there are no more seats available.
]]></system-out>
    <system-err><![CDATA[java.io.IOException: Cannot create directory '/Users/animesh.sen/eclipse-workspace/Appium_IOS+Android/Screenshot'.
	at org.apache.commons.io.FileUtils.mkdirs(FileUtils.java:2200)
	at org.apache.commons.io.FileUtils.createParentDirectories(FileUtils.java:1113)
	at org.apache.commons.io.FileUtils.copyFile(FileUtils.java:843)
	at org.apache.commons.io.FileUtils.copyFile(FileUtils.java:756)
	at practice.Test_Automation.Base.getScreenshot(Base.java:23)
	at practice.Test_Automation.Listeners.onTestFailure(Listeners.java:24)
	at org.testng.internal.TestListenerHelper.runTestListeners(TestListenerHelper.java:67)
	at org.testng.internal.Invoker.runTestListeners(Invoker.java:1389)
	at org.testng.internal.Invoker.invokeMethod(Invoker.java:636)
	at org.testng.internal.Invoker.invokeTestMethod(Invoker.java:719)
	at org.testng.internal.Invoker.invokeTestMethods(Invoker.java:989)
	at org.testng.internal.TestMethodWorker.invokeTestMethods(TestMethodWorker.java:125)
	at org.testng.internal.TestMethodWorker.run(TestMethodWorker.java:109)
	at org.testng.TestRunner.privateRun(TestRunner.java:648)
	at org.testng.TestRunner.run(TestRunner.java:505)
	at org.testng.SuiteRunner.runTest(SuiteRunner.java:455)
	at org.testng.SuiteRunner.runSequentially(SuiteRunner.java:450)
	at org.testng.SuiteRunner.privateRun(SuiteRunner.java:415)
	at org.testng.SuiteRunner.run(SuiteRunner.java:364)
	at org.testng.SuiteRunnerWorker.runSuite(SuiteRunnerWorker.java:52)
	at org.testng.SuiteRunnerWorker.run(SuiteRunnerWorker.java:84)
	at org.testng.TestNG.runSuitesSequentially(TestNG.java:1208)
	at org.testng.TestNG.runSuitesLocally(TestNG.java:1137)
	at org.testng.TestNG.runSuites(TestNG.java:1049)
	at org.testng.TestNG.run(TestNG.java:1017)
	at org.apache.maven.surefire.testng.TestNGExecutor.run(TestNGExecutor.java:324)
	at org.apache.maven.surefire.testng.TestNGXmlTestSuite.execute(TestNGXmlTestSuite.java:74)
	at org.apache.maven.surefire.testng.TestNGProvider.invoke(TestNGProvider.java:123)
	at org.apache.maven.surefire.booter.ForkedBooter.runSuitesInProcess(ForkedBooter.java:456)
	at org.apache.maven.surefire.booter.ForkedBooter.execute(ForkedBooter.java:169)
	at org.apache.maven.surefire.booter.ForkedBooter.run(ForkedBooter.java:595)
	at org.apache.maven.surefire.booter.ForkedBooter.main(ForkedBooter.java:581)
]]></system-err>
  </testcase>
  <testcase name="runScenario[&quot;Invalid Search for DecemberNextYear-July2Years&quot;, &quot;Optional[MarsAir: Search Validation]&quot;](17)" classname="runner.TestRunner" time="2.897">
    <system-out><![CDATA[Unfortunately, this schedule is not possible. Please try again.
]]></system-out>
  </testcase>
  <testcase name="runScenario[&quot;Invalid Search for July2Years-July2Years&quot;, &quot;Optional[MarsAir: Search Validation]&quot;](18)" classname="runner.TestRunner" time="3.834">
    <failure message="expected [Unfortunately, this schedule is not possible. Please try again.] but found [Sorry, there are no more seats available.]" type="java.lang.AssertionError"><![CDATA[java.lang.AssertionError: expected [Unfortunately, this schedule is not possible. Please try again.] but found [Sorry, there are no more seats available.]
	at org.testng.Assert.fail(Assert.java:96)
	at org.testng.Assert.failNotEquals(Assert.java:776)
	at org.testng.Assert.assertEqualsImpl(Assert.java:137)
	at org.testng.Assert.assertEquals(Assert.java:118)
	at org.testng.Assert.assertEquals(Assert.java:453)
	at org.testng.Assert.assertEquals(Assert.java:463)
	at steps.SearchTestSteps.i_see(SearchTestSteps.java:77)
	at ✽.I see "schedule not possible"(file:///Users/animeshsen/eclipse-workspace/MarsAir/src/test/java/features/SearchTest.feature:30)
]]></failure>
    <system-out><![CDATA[Sorry, there are no more seats available.
]]></system-out>
    <system-err><![CDATA[java.io.IOException: Cannot create directory '/Users/animesh.sen/eclipse-workspace/Appium_IOS+Android/Screenshot'.
	at org.apache.commons.io.FileUtils.mkdirs(FileUtils.java:2200)
	at org.apache.commons.io.FileUtils.createParentDirectories(FileUtils.java:1113)
	at org.apache.commons.io.FileUtils.copyFile(FileUtils.java:843)
	at org.apache.commons.io.FileUtils.copyFile(FileUtils.java:756)
	at practice.Test_Automation.Base.getScreenshot(Base.java:23)
	at practice.Test_Automation.Listeners.onTestFailure(Listeners.java:24)
	at org.testng.internal.TestListenerHelper.runTestListeners(TestListenerHelper.java:67)
	at org.testng.internal.Invoker.runTestListeners(Invoker.java:1389)
	at org.testng.internal.Invoker.invokeMethod(Invoker.java:636)
	at org.testng.internal.Invoker.invokeTestMethod(Invoker.java:719)
	at org.testng.internal.Invoker.invokeTestMethods(Invoker.java:989)
	at org.testng.internal.TestMethodWorker.invokeTestMethods(TestMethodWorker.java:125)
	at org.testng.internal.TestMethodWorker.run(TestMethodWorker.java:109)
	at org.testng.TestRunner.privateRun(TestRunner.java:648)
	at org.testng.TestRunner.run(TestRunner.java:505)
	at org.testng.SuiteRunner.runTest(SuiteRunner.java:455)
	at org.testng.SuiteRunner.runSequentially(SuiteRunner.java:450)
	at org.testng.SuiteRunner.privateRun(SuiteRunner.java:415)
	at org.testng.SuiteRunner.run(SuiteRunner.java:364)
	at org.testng.SuiteRunnerWorker.runSuite(SuiteRunnerWorker.java:52)
	at org.testng.SuiteRunnerWorker.run(SuiteRunnerWorker.java:84)
	at org.testng.TestNG.runSuitesSequentially(TestNG.java:1208)
	at org.testng.TestNG.runSuitesLocally(TestNG.java:1137)
	at org.testng.TestNG.runSuites(TestNG.java:1049)
	at org.testng.TestNG.run(TestNG.java:1017)
	at org.apache.maven.surefire.testng.TestNGExecutor.run(TestNGExecutor.java:324)
	at org.apache.maven.surefire.testng.TestNGXmlTestSuite.execute(TestNGXmlTestSuite.java:74)
	at org.apache.maven.surefire.testng.TestNGProvider.invoke(TestNGProvider.java:123)
	at org.apache.maven.surefire.booter.ForkedBooter.runSuitesInProcess(ForkedBooter.java:456)
	at org.apache.maven.surefire.booter.ForkedBooter.execute(ForkedBooter.java:169)
	at org.apache.maven.surefire.booter.ForkedBooter.run(ForkedBooter.java:595)
	at org.apache.maven.surefire.booter.ForkedBooter.main(ForkedBooter.java:581)
]]></system-err>
  </testcase>
  <testcase name="runScenario[&quot;Invalid Search for July2Years-December2Years&quot;, &quot;Optional[MarsAir: Search Validation]&quot;](19)" classname="runner.TestRunner" time="3.805">
    <system-out><![CDATA[Unfortunately, this schedule is not possible. Please try again.
]]></system-out>
  </testcase>
  <testcase name="runScenario[&quot;Invalid Search for December2Years-December2Years&quot;, &quot;Optional[MarsAir: Search Validation]&quot;](20)" classname="runner.TestRunner" time="4.624">
    <failure message="expected [Unfortunately, this schedule is not possible. Please try again.] but found [Sorry, there are no more seats available.]" type="java.lang.AssertionError"><![CDATA[java.lang.AssertionError: expected [Unfortunately, this schedule is not possible. Please try again.] but found [Sorry, there are no more seats available.]
	at org.testng.Assert.fail(Assert.java:96)
	at org.testng.Assert.failNotEquals(Assert.java:776)
	at org.testng.Assert.assertEqualsImpl(Assert.java:137)
	at org.testng.Assert.assertEquals(Assert.java:118)
	at org.testng.Assert.assertEquals(Assert.java:453)
	at org.testng.Assert.assertEquals(Assert.java:463)
	at steps.SearchTestSteps.i_see(SearchTestSteps.java:77)
	at ✽.I see "schedule not possible"(file:///Users/animeshsen/eclipse-workspace/MarsAir/src/test/java/features/SearchTest.feature:30)
]]></failure>
    <system-out><![CDATA[Sorry, there are no more seats available.
]]></system-out>
    <system-err><![CDATA[java.io.IOException: Cannot create directory '/Users/animesh.sen/eclipse-workspace/Appium_IOS+Android/Screenshot'.
	at org.apache.commons.io.FileUtils.mkdirs(FileUtils.java:2200)
	at org.apache.commons.io.FileUtils.createParentDirectories(FileUtils.java:1113)
	at org.apache.commons.io.FileUtils.copyFile(FileUtils.java:843)
	at org.apache.commons.io.FileUtils.copyFile(FileUtils.java:756)
	at practice.Test_Automation.Base.getScreenshot(Base.java:23)
	at practice.Test_Automation.Listeners.onTestFailure(Listeners.java:24)
	at org.testng.internal.TestListenerHelper.runTestListeners(TestListenerHelper.java:67)
	at org.testng.internal.Invoker.runTestListeners(Invoker.java:1389)
	at org.testng.internal.Invoker.invokeMethod(Invoker.java:636)
	at org.testng.internal.Invoker.invokeTestMethod(Invoker.java:719)
	at org.testng.internal.Invoker.invokeTestMethods(Invoker.java:989)
	at org.testng.internal.TestMethodWorker.invokeTestMethods(TestMethodWorker.java:125)
	at org.testng.internal.TestMethodWorker.run(TestMethodWorker.java:109)
	at org.testng.TestRunner.privateRun(TestRunner.java:648)
	at org.testng.TestRunner.run(TestRunner.java:505)
	at org.testng.SuiteRunner.runTest(SuiteRunner.java:455)
	at org.testng.SuiteRunner.runSequentially(SuiteRunner.java:450)
	at org.testng.SuiteRunner.privateRun(SuiteRunner.java:415)
	at org.testng.SuiteRunner.run(SuiteRunner.java:364)
	at org.testng.SuiteRunnerWorker.runSuite(SuiteRunnerWorker.java:52)
	at org.testng.SuiteRunnerWorker.run(SuiteRunnerWorker.java:84)
	at org.testng.TestNG.runSuitesSequentially(TestNG.java:1208)
	at org.testng.TestNG.runSuitesLocally(TestNG.java:1137)
	at org.testng.TestNG.runSuites(TestNG.java:1049)
	at org.testng.TestNG.run(TestNG.java:1017)
	at org.apache.maven.surefire.testng.TestNGExecutor.run(TestNGExecutor.java:324)
	at org.apache.maven.surefire.testng.TestNGXmlTestSuite.execute(TestNGXmlTestSuite.java:74)
	at org.apache.maven.surefire.testng.TestNGProvider.invoke(TestNGProvider.java:123)
	at org.apache.maven.surefire.booter.ForkedBooter.runSuitesInProcess(ForkedBooter.java:456)
	at org.apache.maven.surefire.booter.ForkedBooter.execute(ForkedBooter.java:169)
	at org.apache.maven.surefire.booter.ForkedBooter.run(ForkedBooter.java:595)
	at org.apache.maven.surefire.booter.ForkedBooter.main(ForkedBooter.java:581)
]]></system-err>
  </testcase>
  <testcase name="runScenario[&quot;Invalid Search for FutureDeparture&quot;, &quot;Optional[MarsAir: Search Validation]&quot;](21)" classname="runner.TestRunner" time="3.996">
    <failure message="expected [Unfortunately, this schedule is not possible. Please try again.] but found [Sorry, there are no more seats available.]" type="java.lang.AssertionError"><![CDATA[java.lang.AssertionError: expected [Unfortunately, this schedule is not possible. Please try again.] but found [Sorry, there are no more seats available.]
	at org.testng.Assert.fail(Assert.java:96)
	at org.testng.Assert.failNotEquals(Assert.java:776)
	at org.testng.Assert.assertEqualsImpl(Assert.java:137)
	at org.testng.Assert.assertEquals(Assert.java:118)
	at org.testng.Assert.assertEquals(Assert.java:453)
	at org.testng.Assert.assertEquals(Assert.java:463)
	at steps.SearchTestSteps.i_see(SearchTestSteps.java:77)
	at ✽.I see "schedule not possible"(file:///Users/animeshsen/eclipse-workspace/MarsAir/src/test/java/features/SearchTest.feature:52)
]]></failure>
    <system-out><![CDATA[Sorry, there are no more seats available.
]]></system-out>
    <system-err><![CDATA[java.io.IOException: Cannot create directory '/Users/animesh.sen/eclipse-workspace/Appium_IOS+Android/Screenshot'.
	at org.apache.commons.io.FileUtils.mkdirs(FileUtils.java:2200)
	at org.apache.commons.io.FileUtils.createParentDirectories(FileUtils.java:1113)
	at org.apache.commons.io.FileUtils.copyFile(FileUtils.java:843)
	at org.apache.commons.io.FileUtils.copyFile(FileUtils.java:756)
	at practice.Test_Automation.Base.getScreenshot(Base.java:23)
	at practice.Test_Automation.Listeners.onTestFailure(Listeners.java:24)
	at org.testng.internal.TestListenerHelper.runTestListeners(TestListenerHelper.java:67)
	at org.testng.internal.Invoker.runTestListeners(Invoker.java:1389)
	at org.testng.internal.Invoker.invokeMethod(Invoker.java:636)
	at org.testng.internal.Invoker.invokeTestMethod(Invoker.java:719)
	at org.testng.internal.Invoker.invokeTestMethods(Invoker.java:989)
	at org.testng.internal.TestMethodWorker.invokeTestMethods(TestMethodWorker.java:125)
	at org.testng.internal.TestMethodWorker.run(TestMethodWorker.java:109)
	at org.testng.TestRunner.privateRun(TestRunner.java:648)
	at org.testng.TestRunner.run(TestRunner.java:505)
	at org.testng.SuiteRunner.runTest(SuiteRunner.java:455)
	at org.testng.SuiteRunner.runSequentially(SuiteRunner.java:450)
	at org.testng.SuiteRunner.privateRun(SuiteRunner.java:415)
	at org.testng.SuiteRunner.run(SuiteRunner.java:364)
	at org.testng.SuiteRunnerWorker.runSuite(SuiteRunnerWorker.java:52)
	at org.testng.SuiteRunnerWorker.run(SuiteRunnerWorker.java:84)
	at org.testng.TestNG.runSuitesSequentially(TestNG.java:1208)
	at org.testng.TestNG.runSuitesLocally(TestNG.java:1137)
	at org.testng.TestNG.runSuites(TestNG.java:1049)
	at org.testng.TestNG.run(TestNG.java:1017)
	at org.apache.maven.surefire.testng.TestNGExecutor.run(TestNGExecutor.java:324)
	at org.apache.maven.surefire.testng.TestNGXmlTestSuite.execute(TestNGXmlTestSuite.java:74)
	at org.apache.maven.surefire.testng.TestNGProvider.invoke(TestNGProvider.java:123)
	at org.apache.maven.surefire.booter.ForkedBooter.runSuitesInProcess(ForkedBooter.java:456)
	at org.apache.maven.surefire.booter.ForkedBooter.execute(ForkedBooter.java:169)
	at org.apache.maven.surefire.booter.ForkedBooter.run(ForkedBooter.java:595)
	at org.apache.maven.surefire.booter.ForkedBooter.main(ForkedBooter.java:581)
]]></system-err>
  </testcase>
  <testcase name="runScenario[&quot;Invalid Search for WithOutDepartureReturn&quot;, &quot;Optional[MarsAir: Search Validation]&quot;](22)" classname="runner.TestRunner" time="4.702">
    <failure message="expected [Unfortunately, this schedule is not possible. Please try again.] but found [Sorry, there are no more seats available.]" type="java.lang.AssertionError"><![CDATA[java.lang.AssertionError: expected [Unfortunately, this schedule is not possible. Please try again.] but found [Sorry, there are no more seats available.]
	at org.testng.Assert.fail(Assert.java:96)
	at org.testng.Assert.failNotEquals(Assert.java:776)
	at org.testng.Assert.assertEqualsImpl(Assert.java:137)
	at org.testng.Assert.assertEquals(Assert.java:118)
	at org.testng.Assert.assertEquals(Assert.java:453)
	at org.testng.Assert.assertEquals(Assert.java:463)
	at steps.SearchTestSteps.i_see(SearchTestSteps.java:77)
	at ✽.I see "schedule not possible"(file:///Users/animeshsen/eclipse-workspace/MarsAir/src/test/java/features/SearchTest.feature:62)
]]></failure>
    <system-out><![CDATA[Sorry, there are no more seats available.
]]></system-out>
    <system-err><![CDATA[java.io.IOException: Cannot create directory '/Users/animesh.sen/eclipse-workspace/Appium_IOS+Android/Screenshot'.
	at org.apache.commons.io.FileUtils.mkdirs(FileUtils.java:2200)
	at org.apache.commons.io.FileUtils.createParentDirectories(FileUtils.java:1113)
	at org.apache.commons.io.FileUtils.copyFile(FileUtils.java:843)
	at org.apache.commons.io.FileUtils.copyFile(FileUtils.java:756)
	at practice.Test_Automation.Base.getScreenshot(Base.java:23)
	at practice.Test_Automation.Listeners.onTestFailure(Listeners.java:24)
	at org.testng.internal.TestListenerHelper.runTestListeners(TestListenerHelper.java:67)
	at org.testng.internal.Invoker.runTestListeners(Invoker.java:1389)
	at org.testng.internal.Invoker.invokeMethod(Invoker.java:636)
	at org.testng.internal.Invoker.invokeTestMethod(Invoker.java:719)
	at org.testng.internal.Invoker.invokeTestMethods(Invoker.java:989)
	at org.testng.internal.TestMethodWorker.invokeTestMethods(TestMethodWorker.java:125)
	at org.testng.internal.TestMethodWorker.run(TestMethodWorker.java:109)
	at org.testng.TestRunner.privateRun(TestRunner.java:648)
	at org.testng.TestRunner.run(TestRunner.java:505)
	at org.testng.SuiteRunner.runTest(SuiteRunner.java:455)
	at org.testng.SuiteRunner.runSequentially(SuiteRunner.java:450)
	at org.testng.SuiteRunner.privateRun(SuiteRunner.java:415)
	at org.testng.SuiteRunner.run(SuiteRunner.java:364)
	at org.testng.SuiteRunnerWorker.runSuite(SuiteRunnerWorker.java:52)
	at org.testng.SuiteRunnerWorker.run(SuiteRunnerWorker.java:84)
	at org.testng.TestNG.runSuitesSequentially(TestNG.java:1208)
	at org.testng.TestNG.runSuitesLocally(TestNG.java:1137)
	at org.testng.TestNG.runSuites(TestNG.java:1049)
	at org.testng.TestNG.run(TestNG.java:1017)
	at org.apache.maven.surefire.testng.TestNGExecutor.run(TestNGExecutor.java:324)
	at org.apache.maven.surefire.testng.TestNGXmlTestSuite.execute(TestNGXmlTestSuite.java:74)
	at org.apache.maven.surefire.testng.TestNGProvider.invoke(TestNGProvider.java:123)
	at org.apache.maven.surefire.booter.ForkedBooter.runSuitesInProcess(ForkedBooter.java:456)
	at org.apache.maven.surefire.booter.ForkedBooter.execute(ForkedBooter.java:169)
	at org.apache.maven.surefire.booter.ForkedBooter.run(ForkedBooter.java:595)
	at org.apache.maven.surefire.booter.ForkedBooter.main(ForkedBooter.java:581)
]]></system-err>
  </testcase>
</testsuite>